Dec 07 2020 11:10:04
{"Number":8,"Message":"Trying to access array offset on value of type null","File":"\/home\/junaid\/www\/ltc-wp\/wp-content\/mu-plugins\/wpengine-common\/plugin.php","Line":964}

Dec 07 2020 11:10:04
{"Number":8,"Message":"Trying to access array offset on value of type null","File":"\/home\/junaid\/www\/ltc-wp\/wp-content\/mu-plugins\/wpengine-common\/plugin.php","Line":965}

Dec 07 2020 11:10:04
{"Number":8,"Message":"Undefined index: HTTPS","File":"\/home\/junaid\/www\/ltc-wp\/wp-content\/mu-plugins\/wpengine-common\/plugin.php","Line":1021}

Dec 07 2020 11:10:04
{"Number":8,"Message":"Trying to access array offset on value of type null","File":"\/home\/junaid\/www\/ltc-wp\/wp-content\/mu-plugins\/wpengine-common\/plugin.php","Line":1485}

Dec 07 2020 11:10:04
{"Number":2,"Message":"Invalid argument supplied for foreach()","File":"\/home\/junaid\/www\/ltc-wp\/wp-content\/mu-plugins\/wpengine-common\/plugin.php","Line":1047}

Dec 07 2020 11:10:04
{"Number":8,"Message":"Trying to access array offset on value of type null","File":"\/home\/junaid\/www\/ltc-wp\/wp-content\/mu-plugins\/wpengine-common\/plugin.php","Line":1411}

Dec 07 2020 11:10:04
{"type":2,"message":"Use of undefined constant PWP_NAME - assumed 'PWP_NAME' (this will throw an Error in a future version of PHP)","file":"\/home\/junaid\/www\/ltc-wp\/wp-content\/mu-plugins\/wpengine-common\/class-wpedeployment.php","line":63}

Dec 07 2020 11:10:15
{"Number":8,"Message":"Trying to access array offset on value of type null","File":"\/home\/junaid\/www\/ltc-wp\/wp-content\/mu-plugins\/wpengine-common\/plugin.php","Line":964}

Dec 07 2020 11:10:15
{"Number":8,"Message":"Trying to access array offset on value of type null","File":"\/home\/junaid\/www\/ltc-wp\/wp-content\/mu-plugins\/wpengine-common\/plugin.php","Line":965}

Dec 07 2020 11:10:15
{"Number":8,"Message":"Undefined index: HTTPS","File":"\/home\/junaid\/www\/ltc-wp\/wp-content\/mu-plugins\/wpengine-common\/plugin.php","Line":1021}

Dec 07 2020 11:10:15
{"Number":8,"Message":"Trying to access array offset on value of type null","File":"\/home\/junaid\/www\/ltc-wp\/wp-content\/mu-plugins\/wpengine-common\/plugin.php","Line":1485}

Dec 07 2020 11:10:15
{"Number":2,"Message":"Invalid argument supplied for foreach()","File":"\/home\/junaid\/www\/ltc-wp\/wp-content\/mu-plugins\/wpengine-common\/plugin.php","Line":1047}

Dec 07 2020 11:10:15
{"Number":8,"Message":"Trying to access array offset on value of type null","File":"\/home\/junaid\/www\/ltc-wp\/wp-content\/mu-plugins\/wpengine-common\/plugin.php","Line":1411}

Dec 07 2020 11:10:15
{"type":2,"message":"Use of undefined constant PWP_NAME - assumed 'PWP_NAME' (this will throw an Error in a future version of PHP)","file":"\/home\/junaid\/www\/ltc-wp\/wp-content\/mu-plugins\/wpengine-common\/class-wpedeployment.php","line":63}

Dec 07 2020 11:10:26
{"Number":8,"Message":"Trying to access array offset on value of type null","File":"\/home\/junaid\/www\/ltc-wp\/wp-content\/mu-plugins\/wpengine-common\/plugin.php","Line":964}

Dec 07 2020 11:10:26
{"Number":8,"Message":"Trying to access array offset on value of type null","File":"\/home\/junaid\/www\/ltc-wp\/wp-content\/mu-plugins\/wpengine-common\/plugin.php","Line":965}

Dec 07 2020 11:10:26
{"Number":8,"Message":"Undefined index: HTTPS","File":"\/home\/junaid\/www\/ltc-wp\/wp-content\/mu-plugins\/wpengine-common\/plugin.php","Line":1021}

Dec 07 2020 11:10:26
{"Number":8,"Message":"Trying to access array offset on value of type null","File":"\/home\/junaid\/www\/ltc-wp\/wp-content\/mu-plugins\/wpengine-common\/plugin.php","Line":1485}

Dec 07 2020 11:10:26
{"Number":2,"Message":"Invalid argument supplied for foreach()","File":"\/home\/junaid\/www\/ltc-wp\/wp-content\/mu-plugins\/wpengine-common\/plugin.php","Line":1047}

Dec 07 2020 11:10:26
{"Number":8,"Message":"Trying to access array offset on value of type null","File":"\/home\/junaid\/www\/ltc-wp\/wp-content\/mu-plugins\/wpengine-common\/plugin.php","Line":1411}

Dec 07 2020 11:10:26
{"type":2,"message":"Use of undefined constant PWP_NAME - assumed 'PWP_NAME' (this will throw an Error in a future version of PHP)","file":"\/home\/junaid\/www\/ltc-wp\/wp-content\/mu-plugins\/wpengine-common\/class-wpedeployment.php","line":63}

Dec 07 2020 11:10:36
{"Number":8,"Message":"Trying to access array offset on value of type null","File":"\/home\/junaid\/www\/ltc-wp\/wp-content\/mu-plugins\/wpengine-common\/plugin.php","Line":964}

Dec 07 2020 11:10:36
{"Number":8,"Message":"Trying to access array offset on value of type null","File":"\/home\/junaid\/www\/ltc-wp\/wp-content\/mu-plugins\/wpengine-common\/plugin.php","Line":965}

Dec 07 2020 11:10:36
{"Number":8,"Message":"Undefined index: HTTPS","File":"\/home\/junaid\/www\/ltc-wp\/wp-content\/mu-plugins\/wpengine-common\/plugin.php","Line":1021}

Dec 07 2020 11:10:36
{"Number":8,"Message":"Trying to access array offset on value of type null","File":"\/home\/junaid\/www\/ltc-wp\/wp-content\/mu-plugins\/wpengine-common\/plugin.php","Line":1485}

Dec 07 2020 11:10:36
{"Number":2,"Message":"Invalid argument supplied for foreach()","File":"\/home\/junaid\/www\/ltc-wp\/wp-content\/mu-plugins\/wpengine-common\/plugin.php","Line":1047}

Dec 07 2020 11:10:36
{"Number":8,"Message":"Trying to access array offset on value of type null","File":"\/home\/junaid\/www\/ltc-wp\/wp-content\/mu-plugins\/wpengine-common\/plugin.php","Line":1411}

Dec 07 2020 11:10:36
{"type":2,"message":"Use of undefined constant PWP_NAME - assumed 'PWP_NAME' (this will throw an Error in a future version of PHP)","file":"\/home\/junaid\/www\/ltc-wp\/wp-content\/mu-plugins\/wpengine-common\/class-wpedeployment.php","line":63}

Dec 07 2020 11:10:47
{"Number":8,"Message":"Trying to access array offset on value of type null","File":"\/home\/junaid\/www\/ltc-wp\/wp-content\/mu-plugins\/wpengine-common\/plugin.php","Line":964}

Dec 07 2020 11:10:47
{"Number":8,"Message":"Trying to access array offset on value of type null","File":"\/home\/junaid\/www\/ltc-wp\/wp-content\/mu-plugins\/wpengine-common\/plugin.php","Line":965}

Dec 07 2020 11:10:47
{"Number":8,"Message":"Undefined index: HTTPS","File":"\/home\/junaid\/www\/ltc-wp\/wp-content\/mu-plugins\/wpengine-common\/plugin.php","Line":1021}

Dec 07 2020 11:10:47
{"Number":8,"Message":"Trying to access array offset on value of type null","File":"\/home\/junaid\/www\/ltc-wp\/wp-content\/mu-plugins\/wpengine-common\/plugin.php","Line":1485}

Dec 07 2020 11:10:47
{"Number":2,"Message":"Invalid argument supplied for foreach()","File":"\/home\/junaid\/www\/ltc-wp\/wp-content\/mu-plugins\/wpengine-common\/plugin.php","Line":1047}

Dec 07 2020 11:10:47
{"Number":8,"Message":"Trying to access array offset on value of type null","File":"\/home\/junaid\/www\/ltc-wp\/wp-content\/mu-plugins\/wpengine-common\/plugin.php","Line":1411}

Dec 07 2020 11:10:47
{"type":2,"message":"Use of undefined constant PWP_NAME - assumed 'PWP_NAME' (this will throw an Error in a future version of PHP)","file":"\/home\/junaid\/www\/ltc-wp\/wp-content\/mu-plugins\/wpengine-common\/class-wpedeployment.php","line":63}

Dec 07 2020 11:10:59
{"Number":8,"Message":"Trying to access array offset on value of type null","File":"\/home\/junaid\/www\/ltc-wp\/wp-content\/mu-plugins\/wpengine-common\/plugin.php","Line":964}

Dec 07 2020 11:10:59
{"Number":8,"Message":"Trying to access array offset on value of type null","File":"\/home\/junaid\/www\/ltc-wp\/wp-content\/mu-plugins\/wpengine-common\/plugin.php","Line":965}

Dec 07 2020 11:10:59
{"Number":8,"Message":"Undefined index: HTTPS","File":"\/home\/junaid\/www\/ltc-wp\/wp-content\/mu-plugins\/wpengine-common\/plugin.php","Line":1021}

Dec 07 2020 11:10:59
{"Number":8,"Message":"Trying to access array offset on value of type null","File":"\/home\/junaid\/www\/ltc-wp\/wp-content\/mu-plugins\/wpengine-common\/plugin.php","Line":1485}

Dec 07 2020 11:10:59
{"Number":2,"Message":"Invalid argument supplied for foreach()","File":"\/home\/junaid\/www\/ltc-wp\/wp-content\/mu-plugins\/wpengine-common\/plugin.php","Line":1047}

Dec 07 2020 11:10:59
{"Number":8,"Message":"Trying to access array offset on value of type null","File":"\/home\/junaid\/www\/ltc-wp\/wp-content\/mu-plugins\/wpengine-common\/plugin.php","Line":1411}

Dec 07 2020 11:10:59
{"type":2,"message":"Use of undefined constant PWP_NAME - assumed 'PWP_NAME' (this will throw an Error in a future version of PHP)","file":"\/home\/junaid\/www\/ltc-wp\/wp-content\/mu-plugins\/wpengine-common\/class-wpedeployment.php","line":63}

Dec 07 2020 11:11:09
{"Number":8,"Message":"Trying to access array offset on value of type null","File":"\/home\/junaid\/www\/ltc-wp\/wp-content\/mu-plugins\/wpengine-common\/plugin.php","Line":964}

Dec 07 2020 11:11:09
{"Number":8,"Message":"Trying to access array offset on value of type null","File":"\/home\/junaid\/www\/ltc-wp\/wp-content\/mu-plugins\/wpengine-common\/plugin.php","Line":965}

Dec 07 2020 11:11:09
{"Number":8,"Message":"Undefined index: HTTPS","File":"\/home\/junaid\/www\/ltc-wp\/wp-content\/mu-plugins\/wpengine-common\/plugin.php","Line":1021}

Dec 07 2020 11:11:09
{"Number":8,"Message":"Trying to access array offset on value of type null","File":"\/home\/junaid\/www\/ltc-wp\/wp-content\/mu-plugins\/wpengine-common\/plugin.php","Line":1485}

Dec 07 2020 11:11:09
{"Number":2,"Message":"Invalid argument supplied for foreach()","File":"\/home\/junaid\/www\/ltc-wp\/wp-content\/mu-plugins\/wpengine-common\/plugin.php","Line":1047}

Dec 07 2020 11:11:09
{"Number":8,"Message":"Trying to access array offset on value of type null","File":"\/home\/junaid\/www\/ltc-wp\/wp-content\/mu-plugins\/wpengine-common\/plugin.php","Line":1411}

Dec 07 2020 11:11:09
{"type":2,"message":"Use of undefined constant PWP_NAME - assumed 'PWP_NAME' (this will throw an Error in a future version of PHP)","file":"\/home\/junaid\/www\/ltc-wp\/wp-content\/mu-plugins\/wpengine-common\/class-wpedeployment.php","line":63}

Dec 07 2020 11:11:20
{"Number":8,"Message":"Trying to access array offset on value of type null","File":"\/home\/junaid\/www\/ltc-wp\/wp-content\/mu-plugins\/wpengine-common\/plugin.php","Line":964}

Dec 07 2020 11:11:20
{"Number":8,"Message":"Trying to access array offset on value of type null","File":"\/home\/junaid\/www\/ltc-wp\/wp-content\/mu-plugins\/wpengine-common\/plugin.php","Line":965}

Dec 07 2020 11:11:20
{"Number":8,"Message":"Undefined index: HTTPS","File":"\/home\/junaid\/www\/ltc-wp\/wp-content\/mu-plugins\/wpengine-common\/plugin.php","Line":1021}

Dec 07 2020 11:11:20
{"Number":8,"Message":"Trying to access array offset on value of type null","File":"\/home\/junaid\/www\/ltc-wp\/wp-content\/mu-plugins\/wpengine-common\/plugin.php","Line":1485}

Dec 07 2020 11:11:20
{"Number":2,"Message":"Invalid argument supplied for foreach()","File":"\/home\/junaid\/www\/ltc-wp\/wp-content\/mu-plugins\/wpengine-common\/plugin.php","Line":1047}

Dec 07 2020 11:11:20
{"Number":8,"Message":"Trying to access array offset on value of type null","File":"\/home\/junaid\/www\/ltc-wp\/wp-content\/mu-plugins\/wpengine-common\/plugin.php","Line":1411}

Dec 07 2020 11:11:20
{"type":2,"message":"Use of undefined constant PWP_NAME - assumed 'PWP_NAME' (this will throw an Error in a future version of PHP)","file":"\/home\/junaid\/www\/ltc-wp\/wp-content\/mu-plugins\/wpengine-common\/class-wpedeployment.php","line":63}

Dec 07 2020 11:11:31
{"Number":8,"Message":"Trying to access array offset on value of type null","File":"\/home\/junaid\/www\/ltc-wp\/wp-content\/mu-plugins\/wpengine-common\/plugin.php","Line":964}

Dec 07 2020 11:11:31
{"Number":8,"Message":"Trying to access array offset on value of type null","File":"\/home\/junaid\/www\/ltc-wp\/wp-content\/mu-plugins\/wpengine-common\/plugin.php","Line":965}

Dec 07 2020 11:11:31
{"Number":8,"Message":"Undefined index: HTTPS","File":"\/home\/junaid\/www\/ltc-wp\/wp-content\/mu-plugins\/wpengine-common\/plugin.php","Line":1021}

Dec 07 2020 11:11:31
{"Number":8,"Message":"Trying to access array offset on value of type null","File":"\/home\/junaid\/www\/ltc-wp\/wp-content\/mu-plugins\/wpengine-common\/plugin.php","Line":1485}

Dec 07 2020 11:11:31
{"Number":2,"Message":"Invalid argument supplied for foreach()","File":"\/home\/junaid\/www\/ltc-wp\/wp-content\/mu-plugins\/wpengine-common\/plugin.php","Line":1047}

Dec 07 2020 11:11:31
{"Number":8,"Message":"Trying to access array offset on value of type null","File":"\/home\/junaid\/www\/ltc-wp\/wp-content\/mu-plugins\/wpengine-common\/plugin.php","Line":1411}

Dec 07 2020 11:11:31
{"type":2,"message":"Use of undefined constant PWP_NAME - assumed 'PWP_NAME' (this will throw an Error in a future version of PHP)","file":"\/home\/junaid\/www\/ltc-wp\/wp-content\/mu-plugins\/wpengine-common\/class-wpedeployment.php","line":63}

Dec 07 2020 11:11:43
{"Number":8,"Message":"Trying to access array offset on value of type null","File":"\/home\/junaid\/www\/ltc-wp\/wp-content\/mu-plugins\/wpengine-common\/plugin.php","Line":964}

Dec 07 2020 11:11:43
{"Number":8,"Message":"Trying to access array offset on value of type null","File":"\/home\/junaid\/www\/ltc-wp\/wp-content\/mu-plugins\/wpengine-common\/plugin.php","Line":965}

Dec 07 2020 11:11:43
{"Number":8,"Message":"Undefined index: HTTPS","File":"\/home\/junaid\/www\/ltc-wp\/wp-content\/mu-plugins\/wpengine-common\/plugin.php","Line":1021}

Dec 07 2020 11:11:43
{"Number":8,"Message":"Trying to access array offset on value of type null","File":"\/home\/junaid\/www\/ltc-wp\/wp-content\/mu-plugins\/wpengine-common\/plugin.php","Line":1485}

Dec 07 2020 11:11:43
{"Number":2,"Message":"Invalid argument supplied for foreach()","File":"\/home\/junaid\/www\/ltc-wp\/wp-content\/mu-plugins\/wpengine-common\/plugin.php","Line":1047}

Dec 07 2020 11:11:43
{"Number":8,"Message":"Trying to access array offset on value of type null","File":"\/home\/junaid\/www\/ltc-wp\/wp-content\/mu-plugins\/wpengine-common\/plugin.php","Line":1411}

Dec 07 2020 11:11:43
{"type":2,"message":"Use of undefined constant PWP_NAME - assumed 'PWP_NAME' (this will throw an Error in a future version of PHP)","file":"\/home\/junaid\/www\/ltc-wp\/wp-content\/mu-plugins\/wpengine-common\/class-wpedeployment.php","line":63}

Dec 07 2020 11:11:54
{"Number":8,"Message":"Trying to access array offset on value of type null","File":"\/home\/junaid\/www\/ltc-wp\/wp-content\/mu-plugins\/wpengine-common\/plugin.php","Line":964}

Dec 07 2020 11:11:54
{"Number":8,"Message":"Trying to access array offset on value of type null","File":"\/home\/junaid\/www\/ltc-wp\/wp-content\/mu-plugins\/wpengine-common\/plugin.php","Line":965}

Dec 07 2020 11:11:54
{"Number":8,"Message":"Undefined index: HTTPS","File":"\/home\/junaid\/www\/ltc-wp\/wp-content\/mu-plugins\/wpengine-common\/plugin.php","Line":1021}

Dec 07 2020 11:11:54
{"Number":8,"Message":"Trying to access array offset on value of type null","File":"\/home\/junaid\/www\/ltc-wp\/wp-content\/mu-plugins\/wpengine-common\/plugin.php","Line":1485}

Dec 07 2020 11:11:54
{"Number":2,"Message":"Invalid argument supplied for foreach()","File":"\/home\/junaid\/www\/ltc-wp\/wp-content\/mu-plugins\/wpengine-common\/plugin.php","Line":1047}

Dec 07 2020 11:11:54
{"Number":8,"Message":"Trying to access array offset on value of type null","File":"\/home\/junaid\/www\/ltc-wp\/wp-content\/mu-plugins\/wpengine-common\/plugin.php","Line":1411}

Dec 07 2020 11:11:54
{"type":2,"message":"Use of undefined constant PWP_NAME - assumed 'PWP_NAME' (this will throw an Error in a future version of PHP)","file":"\/home\/junaid\/www\/ltc-wp\/wp-content\/mu-plugins\/wpengine-common\/class-wpedeployment.php","line":63}

Dec 07 2020 11:12:05
{"Number":8,"Message":"Trying to access array offset on value of type null","File":"\/home\/junaid\/www\/ltc-wp\/wp-content\/mu-plugins\/wpengine-common\/plugin.php","Line":964}

Dec 07 2020 11:12:05
{"Number":8,"Message":"Trying to access array offset on value of type null","File":"\/home\/junaid\/www\/ltc-wp\/wp-content\/mu-plugins\/wpengine-common\/plugin.php","Line":965}

Dec 07 2020 11:12:05
{"Number":8,"Message":"Undefined index: HTTPS","File":"\/home\/junaid\/www\/ltc-wp\/wp-content\/mu-plugins\/wpengine-common\/plugin.php","Line":1021}

Dec 07 2020 11:12:05
{"Number":8,"Message":"Trying to access array offset on value of type null","File":"\/home\/junaid\/www\/ltc-wp\/wp-content\/mu-plugins\/wpengine-common\/plugin.php","Line":1485}

Dec 07 2020 11:12:05
{"Number":2,"Message":"Invalid argument supplied for foreach()","File":"\/home\/junaid\/www\/ltc-wp\/wp-content\/mu-plugins\/wpengine-common\/plugin.php","Line":1047}

Dec 07 2020 11:12:05
{"Number":8,"Message":"Trying to access array offset on value of type null","File":"\/home\/junaid\/www\/ltc-wp\/wp-content\/mu-plugins\/wpengine-common\/plugin.php","Line":1411}

Dec 07 2020 11:12:05
{"type":2,"message":"Use of undefined constant PWP_NAME - assumed 'PWP_NAME' (this will throw an Error in a future version of PHP)","file":"\/home\/junaid\/www\/ltc-wp\/wp-content\/mu-plugins\/wpengine-common\/class-wpedeployment.php","line":63}

Dec 07 2020 11:12:16
{"Number":8,"Message":"Trying to access array offset on value of type null","File":"\/home\/junaid\/www\/ltc-wp\/wp-content\/mu-plugins\/wpengine-common\/plugin.php","Line":964}

Dec 07 2020 11:12:16
{"Number":8,"Message":"Trying to access array offset on value of type null","File":"\/home\/junaid\/www\/ltc-wp\/wp-content\/mu-plugins\/wpengine-common\/plugin.php","Line":965}

Dec 07 2020 11:12:16
{"Number":8,"Message":"Undefined index: HTTPS","File":"\/home\/junaid\/www\/ltc-wp\/wp-content\/mu-plugins\/wpengine-common\/plugin.php","Line":1021}

Dec 07 2020 11:12:16
{"Number":8,"Message":"Trying to access array offset on value of type null","File":"\/home\/junaid\/www\/ltc-wp\/wp-content\/mu-plugins\/wpengine-common\/plugin.php","Line":1485}

Dec 07 2020 11:12:16
{"Number":2,"Message":"Invalid argument supplied for foreach()","File":"\/home\/junaid\/www\/ltc-wp\/wp-content\/mu-plugins\/wpengine-common\/plugin.php","Line":1047}

Dec 07 2020 11:12:16
{"Number":8,"Message":"Trying to access array offset on value of type null","File":"\/home\/junaid\/www\/ltc-wp\/wp-content\/mu-plugins\/wpengine-common\/plugin.php","Line":1411}

Dec 07 2020 11:12:16
{"type":2,"message":"Use of undefined constant PWP_NAME - assumed 'PWP_NAME' (this will throw an Error in a future version of PHP)","file":"\/home\/junaid\/www\/ltc-wp\/wp-content\/mu-plugins\/wpengine-common\/class-wpedeployment.php","line":63}

Dec 07 2020 11:12:26
{"Number":8,"Message":"Trying to access array offset on value of type null","File":"\/home\/junaid\/www\/ltc-wp\/wp-content\/mu-plugins\/wpengine-common\/plugin.php","Line":964}

Dec 07 2020 11:12:26
{"Number":8,"Message":"Trying to access array offset on value of type null","File":"\/home\/junaid\/www\/ltc-wp\/wp-content\/mu-plugins\/wpengine-common\/plugin.php","Line":965}

Dec 07 2020 11:12:26
{"Number":8,"Message":"Undefined index: HTTPS","File":"\/home\/junaid\/www\/ltc-wp\/wp-content\/mu-plugins\/wpengine-common\/plugin.php","Line":1021}

Dec 07 2020 11:12:26
{"Number":8,"Message":"Trying to access array offset on value of type null","File":"\/home\/junaid\/www\/ltc-wp\/wp-content\/mu-plugins\/wpengine-common\/plugin.php","Line":1485}

Dec 07 2020 11:12:26
{"Number":2,"Message":"Invalid argument supplied for foreach()","File":"\/home\/junaid\/www\/ltc-wp\/wp-content\/mu-plugins\/wpengine-common\/plugin.php","Line":1047}

Dec 07 2020 11:12:26
{"Number":8,"Message":"Trying to access array offset on value of type null","File":"\/home\/junaid\/www\/ltc-wp\/wp-content\/mu-plugins\/wpengine-common\/plugin.php","Line":1411}

Dec 07 2020 11:12:26
{"type":2,"message":"Use of undefined constant PWP_NAME - assumed 'PWP_NAME' (this will throw an Error in a future version of PHP)","file":"\/home\/junaid\/www\/ltc-wp\/wp-content\/mu-plugins\/wpengine-common\/class-wpedeployment.php","line":63}

Dec 07 2020 11:12:37
{"Number":8,"Message":"Trying to access array offset on value of type null","File":"\/home\/junaid\/www\/ltc-wp\/wp-content\/mu-plugins\/wpengine-common\/plugin.php","Line":964}

Dec 07 2020 11:12:37
{"Number":8,"Message":"Trying to access array offset on value of type null","File":"\/home\/junaid\/www\/ltc-wp\/wp-content\/mu-plugins\/wpengine-common\/plugin.php","Line":965}

Dec 07 2020 11:12:37
{"Number":8,"Message":"Undefined index: HTTPS","File":"\/home\/junaid\/www\/ltc-wp\/wp-content\/mu-plugins\/wpengine-common\/plugin.php","Line":1021}

Dec 07 2020 11:12:37
{"Number":8,"Message":"Trying to access array offset on value of type null","File":"\/home\/junaid\/www\/ltc-wp\/wp-content\/mu-plugins\/wpengine-common\/plugin.php","Line":1485}

Dec 07 2020 11:12:37
{"Number":2,"Message":"Invalid argument supplied for foreach()","File":"\/home\/junaid\/www\/ltc-wp\/wp-content\/mu-plugins\/wpengine-common\/plugin.php","Line":1047}

Dec 07 2020 11:12:37
{"Number":8,"Message":"Trying to access array offset on value of type null","File":"\/home\/junaid\/www\/ltc-wp\/wp-content\/mu-plugins\/wpengine-common\/plugin.php","Line":1411}

Dec 07 2020 11:12:37
{"type":2,"message":"Use of undefined constant PWP_NAME - assumed 'PWP_NAME' (this will throw an Error in a future version of PHP)","file":"\/home\/junaid\/www\/ltc-wp\/wp-content\/mu-plugins\/wpengine-common\/class-wpedeployment.php","line":63}

Dec 07 2020 11:12:48
{"Number":8,"Message":"Trying to access array offset on value of type null","File":"\/home\/junaid\/www\/ltc-wp\/wp-content\/mu-plugins\/wpengine-common\/plugin.php","Line":964}

Dec 07 2020 11:12:48
{"Number":8,"Message":"Trying to access array offset on value of type null","File":"\/home\/junaid\/www\/ltc-wp\/wp-content\/mu-plugins\/wpengine-common\/plugin.php","Line":965}

Dec 07 2020 11:12:48
{"Number":8,"Message":"Undefined index: HTTPS","File":"\/home\/junaid\/www\/ltc-wp\/wp-content\/mu-plugins\/wpengine-common\/plugin.php","Line":1021}

Dec 07 2020 11:12:48
{"Number":8,"Message":"Trying to access array offset on value of type null","File":"\/home\/junaid\/www\/ltc-wp\/wp-content\/mu-plugins\/wpengine-common\/plugin.php","Line":1485}

Dec 07 2020 11:12:48
{"Number":2,"Message":"Invalid argument supplied for foreach()","File":"\/home\/junaid\/www\/ltc-wp\/wp-content\/mu-plugins\/wpengine-common\/plugin.php","Line":1047}

Dec 07 2020 11:12:48
{"Number":8,"Message":"Trying to access array offset on value of type null","File":"\/home\/junaid\/www\/ltc-wp\/wp-content\/mu-plugins\/wpengine-common\/plugin.php","Line":1411}

Dec 07 2020 11:12:48
{"type":2,"message":"Use of undefined constant PWP_NAME - assumed 'PWP_NAME' (this will throw an Error in a future version of PHP)","file":"\/home\/junaid\/www\/ltc-wp\/wp-content\/mu-plugins\/wpengine-common\/class-wpedeployment.php","line":63}

Dec 07 2020 11:12:59
{"Number":8,"Message":"Trying to access array offset on value of type null","File":"\/home\/junaid\/www\/ltc-wp\/wp-content\/mu-plugins\/wpengine-common\/plugin.php","Line":964}

Dec 07 2020 11:12:59
{"Number":8,"Message":"Trying to access array offset on value of type null","File":"\/home\/junaid\/www\/ltc-wp\/wp-content\/mu-plugins\/wpengine-common\/plugin.php","Line":965}

Dec 07 2020 11:12:59
{"Number":8,"Message":"Undefined index: HTTPS","File":"\/home\/junaid\/www\/ltc-wp\/wp-content\/mu-plugins\/wpengine-common\/plugin.php","Line":1021}

Dec 07 2020 11:12:59
{"Number":8,"Message":"Trying to access array offset on value of type null","File":"\/home\/junaid\/www\/ltc-wp\/wp-content\/mu-plugins\/wpengine-common\/plugin.php","Line":1485}

Dec 07 2020 11:12:59
{"Number":2,"Message":"Invalid argument supplied for foreach()","File":"\/home\/junaid\/www\/ltc-wp\/wp-content\/mu-plugins\/wpengine-common\/plugin.php","Line":1047}

Dec 07 2020 11:12:59
{"Number":8,"Message":"Trying to access array offset on value of type null","File":"\/home\/junaid\/www\/ltc-wp\/wp-content\/mu-plugins\/wpengine-common\/plugin.php","Line":1411}

Dec 07 2020 11:12:59
{"type":2,"message":"Use of undefined constant PWP_NAME - assumed 'PWP_NAME' (this will throw an Error in a future version of PHP)","file":"\/home\/junaid\/www\/ltc-wp\/wp-content\/mu-plugins\/wpengine-common\/class-wpedeployment.php","line":63}

Dec 07 2020 11:13:09
{"Number":8,"Message":"Trying to access array offset on value of type null","File":"\/home\/junaid\/www\/ltc-wp\/wp-content\/mu-plugins\/wpengine-common\/plugin.php","Line":964}

Dec 07 2020 11:13:09
{"Number":8,"Message":"Trying to access array offset on value of type null","File":"\/home\/junaid\/www\/ltc-wp\/wp-content\/mu-plugins\/wpengine-common\/plugin.php","Line":965}

Dec 07 2020 11:13:09
{"Number":8,"Message":"Undefined index: HTTPS","File":"\/home\/junaid\/www\/ltc-wp\/wp-content\/mu-plugins\/wpengine-common\/plugin.php","Line":1021}

Dec 07 2020 11:13:09
{"Number":8,"Message":"Trying to access array offset on value of type null","File":"\/home\/junaid\/www\/ltc-wp\/wp-content\/mu-plugins\/wpengine-common\/plugin.php","Line":1485}

Dec 07 2020 11:13:09
{"Number":2,"Message":"Invalid argument supplied for foreach()","File":"\/home\/junaid\/www\/ltc-wp\/wp-content\/mu-plugins\/wpengine-common\/plugin.php","Line":1047}

Dec 07 2020 11:13:09
{"Number":8,"Message":"Trying to access array offset on value of type null","File":"\/home\/junaid\/www\/ltc-wp\/wp-content\/mu-plugins\/wpengine-common\/plugin.php","Line":1411}

Dec 07 2020 11:13:09
{"type":2,"message":"Use of undefined constant PWP_NAME - assumed 'PWP_NAME' (this will throw an Error in a future version of PHP)","file":"\/home\/junaid\/www\/ltc-wp\/wp-content\/mu-plugins\/wpengine-common\/class-wpedeployment.php","line":63}

Dec 07 2020 11:13:19
{"Number":8,"Message":"Trying to access array offset on value of type null","File":"\/home\/junaid\/www\/ltc-wp\/wp-content\/mu-plugins\/wpengine-common\/plugin.php","Line":964}

Dec 07 2020 11:13:19
{"Number":8,"Message":"Trying to access array offset on value of type null","File":"\/home\/junaid\/www\/ltc-wp\/wp-content\/mu-plugins\/wpengine-common\/plugin.php","Line":965}

Dec 07 2020 11:13:19
{"Number":8,"Message":"Undefined index: HTTPS","File":"\/home\/junaid\/www\/ltc-wp\/wp-content\/mu-plugins\/wpengine-common\/plugin.php","Line":1021}

Dec 07 2020 11:13:19
{"Number":8,"Message":"Trying to access array offset on value of type null","File":"\/home\/junaid\/www\/ltc-wp\/wp-content\/mu-plugins\/wpengine-common\/plugin.php","Line":1485}

Dec 07 2020 11:13:19
{"Number":2,"Message":"Invalid argument supplied for foreach()","File":"\/home\/junaid\/www\/ltc-wp\/wp-content\/mu-plugins\/wpengine-common\/plugin.php","Line":1047}

Dec 07 2020 11:13:19
{"Number":8,"Message":"Trying to access array offset on value of type null","File":"\/home\/junaid\/www\/ltc-wp\/wp-content\/mu-plugins\/wpengine-common\/plugin.php","Line":1411}

Dec 07 2020 11:13:19
{"type":2,"message":"Use of undefined constant PWP_NAME - assumed 'PWP_NAME' (this will throw an Error in a future version of PHP)","file":"\/home\/junaid\/www\/ltc-wp\/wp-content\/mu-plugins\/wpengine-common\/class-wpedeployment.php","line":63}

Dec 07 2020 11:13:31
{"Number":8,"Message":"Trying to access array offset on value of type null","File":"\/home\/junaid\/www\/ltc-wp\/wp-content\/mu-plugins\/wpengine-common\/plugin.php","Line":964}

Dec 07 2020 11:13:31
{"Number":8,"Message":"Trying to access array offset on value of type null","File":"\/home\/junaid\/www\/ltc-wp\/wp-content\/mu-plugins\/wpengine-common\/plugin.php","Line":965}

Dec 07 2020 11:13:31
{"Number":8,"Message":"Undefined index: HTTPS","File":"\/home\/junaid\/www\/ltc-wp\/wp-content\/mu-plugins\/wpengine-common\/plugin.php","Line":1021}

Dec 07 2020 11:13:31
{"Number":8,"Message":"Trying to access array offset on value of type null","File":"\/home\/junaid\/www\/ltc-wp\/wp-content\/mu-plugins\/wpengine-common\/plugin.php","Line":1485}

Dec 07 2020 11:13:31
{"Number":2,"Message":"Invalid argument supplied for foreach()","File":"\/home\/junaid\/www\/ltc-wp\/wp-content\/mu-plugins\/wpengine-common\/plugin.php","Line":1047}

Dec 07 2020 11:13:31
{"Number":8,"Message":"Trying to access array offset on value of type null","File":"\/home\/junaid\/www\/ltc-wp\/wp-content\/mu-plugins\/wpengine-common\/plugin.php","Line":1411}

Dec 07 2020 11:13:31
{"type":2,"message":"Use of undefined constant PWP_NAME - assumed 'PWP_NAME' (this will throw an Error in a future version of PHP)","file":"\/home\/junaid\/www\/ltc-wp\/wp-content\/mu-plugins\/wpengine-common\/class-wpedeployment.php","line":63}

Dec 07 2020 11:13:41
{"Number":8,"Message":"Trying to access array offset on value of type null","File":"\/home\/junaid\/www\/ltc-wp\/wp-content\/mu-plugins\/wpengine-common\/plugin.php","Line":964}

Dec 07 2020 11:13:41
{"Number":8,"Message":"Trying to access array offset on value of type null","File":"\/home\/junaid\/www\/ltc-wp\/wp-content\/mu-plugins\/wpengine-common\/plugin.php","Line":965}

Dec 07 2020 11:13:41
{"Number":8,"Message":"Undefined index: HTTPS","File":"\/home\/junaid\/www\/ltc-wp\/wp-content\/mu-plugins\/wpengine-common\/plugin.php","Line":1021}

Dec 07 2020 11:13:41
{"Number":8,"Message":"Trying to access array offset on value of type null","File":"\/home\/junaid\/www\/ltc-wp\/wp-content\/mu-plugins\/wpengine-common\/plugin.php","Line":1485}

Dec 07 2020 11:13:41
{"Number":2,"Message":"Invalid argument supplied for foreach()","File":"\/home\/junaid\/www\/ltc-wp\/wp-content\/mu-plugins\/wpengine-common\/plugin.php","Line":1047}

Dec 07 2020 11:13:41
{"Number":8,"Message":"Trying to access array offset on value of type null","File":"\/home\/junaid\/www\/ltc-wp\/wp-content\/mu-plugins\/wpengine-common\/plugin.php","Line":1411}

Dec 07 2020 11:13:41
{"type":2,"message":"Use of undefined constant PWP_NAME - assumed 'PWP_NAME' (this will throw an Error in a future version of PHP)","file":"\/home\/junaid\/www\/ltc-wp\/wp-content\/mu-plugins\/wpengine-common\/class-wpedeployment.php","line":63}

Dec 07 2020 11:13:51
{"Number":8,"Message":"Trying to access array offset on value of type null","File":"\/home\/junaid\/www\/ltc-wp\/wp-content\/mu-plugins\/wpengine-common\/plugin.php","Line":964}

Dec 07 2020 11:13:51
{"Number":8,"Message":"Trying to access array offset on value of type null","File":"\/home\/junaid\/www\/ltc-wp\/wp-content\/mu-plugins\/wpengine-common\/plugin.php","Line":965}

Dec 07 2020 11:13:51
{"Number":8,"Message":"Undefined index: HTTPS","File":"\/home\/junaid\/www\/ltc-wp\/wp-content\/mu-plugins\/wpengine-common\/plugin.php","Line":1021}

Dec 07 2020 11:13:51
{"Number":8,"Message":"Trying to access array offset on value of type null","File":"\/home\/junaid\/www\/ltc-wp\/wp-content\/mu-plugins\/wpengine-common\/plugin.php","Line":1485}

Dec 07 2020 11:13:51
{"Number":2,"Message":"Invalid argument supplied for foreach()","File":"\/home\/junaid\/www\/ltc-wp\/wp-content\/mu-plugins\/wpengine-common\/plugin.php","Line":1047}

Dec 07 2020 11:13:51
{"Number":8,"Message":"Trying to access array offset on value of type null","File":"\/home\/junaid\/www\/ltc-wp\/wp-content\/mu-plugins\/wpengine-common\/plugin.php","Line":1411}

Dec 07 2020 11:13:51
{"type":2,"message":"Use of undefined constant PWP_NAME - assumed 'PWP_NAME' (this will throw an Error in a future version of PHP)","file":"\/home\/junaid\/www\/ltc-wp\/wp-content\/mu-plugins\/wpengine-common\/class-wpedeployment.php","line":63}

Dec 07 2020 11:14:02
{"Number":8,"Message":"Trying to access array offset on value of type null","File":"\/home\/junaid\/www\/ltc-wp\/wp-content\/mu-plugins\/wpengine-common\/plugin.php","Line":964}

Dec 07 2020 11:14:02
{"Number":8,"Message":"Trying to access array offset on value of type null","File":"\/home\/junaid\/www\/ltc-wp\/wp-content\/mu-plugins\/wpengine-common\/plugin.php","Line":965}

Dec 07 2020 11:14:02
{"Number":8,"Message":"Undefined index: HTTPS","File":"\/home\/junaid\/www\/ltc-wp\/wp-content\/mu-plugins\/wpengine-common\/plugin.php","Line":1021}

Dec 07 2020 11:14:02
{"Number":8,"Message":"Trying to access array offset on value of type null","File":"\/home\/junaid\/www\/ltc-wp\/wp-content\/mu-plugins\/wpengine-common\/plugin.php","Line":1485}

Dec 07 2020 11:14:02
{"Number":2,"Message":"Invalid argument supplied for foreach()","File":"\/home\/junaid\/www\/ltc-wp\/wp-content\/mu-plugins\/wpengine-common\/plugin.php","Line":1047}

Dec 07 2020 11:14:02
{"Number":8,"Message":"Trying to access array offset on value of type null","File":"\/home\/junaid\/www\/ltc-wp\/wp-content\/mu-plugins\/wpengine-common\/plugin.php","Line":1411}

Dec 07 2020 11:14:02
{"type":2,"message":"Use of undefined constant PWP_NAME - assumed 'PWP_NAME' (this will throw an Error in a future version of PHP)","file":"\/home\/junaid\/www\/ltc-wp\/wp-content\/mu-plugins\/wpengine-common\/class-wpedeployment.php","line":63}

Dec 07 2020 11:14:12
{"Number":8,"Message":"Trying to access array offset on value of type null","File":"\/home\/junaid\/www\/ltc-wp\/wp-content\/mu-plugins\/wpengine-common\/plugin.php","Line":964}

Dec 07 2020 11:14:12
{"Number":8,"Message":"Trying to access array offset on value of type null","File":"\/home\/junaid\/www\/ltc-wp\/wp-content\/mu-plugins\/wpengine-common\/plugin.php","Line":965}

Dec 07 2020 11:14:12
{"Number":8,"Message":"Undefined index: HTTPS","File":"\/home\/junaid\/www\/ltc-wp\/wp-content\/mu-plugins\/wpengine-common\/plugin.php","Line":1021}

Dec 07 2020 11:14:12
{"Number":8,"Message":"Trying to access array offset on value of type null","File":"\/home\/junaid\/www\/ltc-wp\/wp-content\/mu-plugins\/wpengine-common\/plugin.php","Line":1485}

Dec 07 2020 11:14:12
{"Number":2,"Message":"Invalid argument supplied for foreach()","File":"\/home\/junaid\/www\/ltc-wp\/wp-content\/mu-plugins\/wpengine-common\/plugin.php","Line":1047}

Dec 07 2020 11:14:12
{"Number":8,"Message":"Trying to access array offset on value of type null","File":"\/home\/junaid\/www\/ltc-wp\/wp-content\/mu-plugins\/wpengine-common\/plugin.php","Line":1411}

Dec 07 2020 11:14:12
{"type":2,"message":"Use of undefined constant PWP_NAME - assumed 'PWP_NAME' (this will throw an Error in a future version of PHP)","file":"\/home\/junaid\/www\/ltc-wp\/wp-content\/mu-plugins\/wpengine-common\/class-wpedeployment.php","line":63}

Dec 07 2020 11:14:22
{"Number":8,"Message":"Trying to access array offset on value of type null","File":"\/home\/junaid\/www\/ltc-wp\/wp-content\/mu-plugins\/wpengine-common\/plugin.php","Line":964}

Dec 07 2020 11:14:22
{"Number":8,"Message":"Trying to access array offset on value of type null","File":"\/home\/junaid\/www\/ltc-wp\/wp-content\/mu-plugins\/wpengine-common\/plugin.php","Line":965}

Dec 07 2020 11:14:22
{"Number":8,"Message":"Undefined index: HTTPS","File":"\/home\/junaid\/www\/ltc-wp\/wp-content\/mu-plugins\/wpengine-common\/plugin.php","Line":1021}

Dec 07 2020 11:14:22
{"Number":8,"Message":"Trying to access array offset on value of type null","File":"\/home\/junaid\/www\/ltc-wp\/wp-content\/mu-plugins\/wpengine-common\/plugin.php","Line":1485}

Dec 07 2020 11:14:22
{"Number":2,"Message":"Invalid argument supplied for foreach()","File":"\/home\/junaid\/www\/ltc-wp\/wp-content\/mu-plugins\/wpengine-common\/plugin.php","Line":1047}

Dec 07 2020 11:14:22
{"Number":8,"Message":"Trying to access array offset on value of type null","File":"\/home\/junaid\/www\/ltc-wp\/wp-content\/mu-plugins\/wpengine-common\/plugin.php","Line":1411}

Dec 07 2020 11:14:22
{"type":2,"message":"Use of undefined constant PWP_NAME - assumed 'PWP_NAME' (this will throw an Error in a future version of PHP)","file":"\/home\/junaid\/www\/ltc-wp\/wp-content\/mu-plugins\/wpengine-common\/class-wpedeployment.php","line":63}

Dec 07 2020 11:14:33
{"Number":8,"Message":"Trying to access array offset on value of type null","File":"\/home\/junaid\/www\/ltc-wp\/wp-content\/mu-plugins\/wpengine-common\/plugin.php","Line":964}

Dec 07 2020 11:14:33
{"Number":8,"Message":"Trying to access array offset on value of type null","File":"\/home\/junaid\/www\/ltc-wp\/wp-content\/mu-plugins\/wpengine-common\/plugin.php","Line":965}

Dec 07 2020 11:14:33
{"Number":8,"Message":"Undefined index: HTTPS","File":"\/home\/junaid\/www\/ltc-wp\/wp-content\/mu-plugins\/wpengine-common\/plugin.php","Line":1021}

Dec 07 2020 11:14:33
{"Number":8,"Message":"Trying to access array offset on value of type null","File":"\/home\/junaid\/www\/ltc-wp\/wp-content\/mu-plugins\/wpengine-common\/plugin.php","Line":1485}

Dec 07 2020 11:14:33
{"Number":2,"Message":"Invalid argument supplied for foreach()","File":"\/home\/junaid\/www\/ltc-wp\/wp-content\/mu-plugins\/wpengine-common\/plugin.php","Line":1047}

Dec 07 2020 11:14:33
{"Number":8,"Message":"Trying to access array offset on value of type null","File":"\/home\/junaid\/www\/ltc-wp\/wp-content\/mu-plugins\/wpengine-common\/plugin.php","Line":1411}

Dec 07 2020 11:14:33
{"type":2,"message":"Use of undefined constant PWP_NAME - assumed 'PWP_NAME' (this will throw an Error in a future version of PHP)","file":"\/home\/junaid\/www\/ltc-wp\/wp-content\/mu-plugins\/wpengine-common\/class-wpedeployment.php","line":63}

Dec 07 2020 11:14:43
{"Number":8,"Message":"Trying to access array offset on value of type null","File":"\/home\/junaid\/www\/ltc-wp\/wp-content\/mu-plugins\/wpengine-common\/plugin.php","Line":964}

Dec 07 2020 11:14:43
{"Number":8,"Message":"Trying to access array offset on value of type null","File":"\/home\/junaid\/www\/ltc-wp\/wp-content\/mu-plugins\/wpengine-common\/plugin.php","Line":965}

Dec 07 2020 11:14:43
{"Number":8,"Message":"Undefined index: HTTPS","File":"\/home\/junaid\/www\/ltc-wp\/wp-content\/mu-plugins\/wpengine-common\/plugin.php","Line":1021}

Dec 07 2020 11:14:43
{"Number":8,"Message":"Trying to access array offset on value of type null","File":"\/home\/junaid\/www\/ltc-wp\/wp-content\/mu-plugins\/wpengine-common\/plugin.php","Line":1485}

Dec 07 2020 11:14:43
{"Number":2,"Message":"Invalid argument supplied for foreach()","File":"\/home\/junaid\/www\/ltc-wp\/wp-content\/mu-plugins\/wpengine-common\/plugin.php","Line":1047}

Dec 07 2020 11:14:43
{"Number":8,"Message":"Trying to access array offset on value of type null","File":"\/home\/junaid\/www\/ltc-wp\/wp-content\/mu-plugins\/wpengine-common\/plugin.php","Line":1411}

Dec 07 2020 11:14:43
{"type":2,"message":"Use of undefined constant PWP_NAME - assumed 'PWP_NAME' (this will throw an Error in a future version of PHP)","file":"\/home\/junaid\/www\/ltc-wp\/wp-content\/mu-plugins\/wpengine-common\/class-wpedeployment.php","line":63}

Dec 07 2020 11:14:53
{"Number":8,"Message":"Trying to access array offset on value of type null","File":"\/home\/junaid\/www\/ltc-wp\/wp-content\/mu-plugins\/wpengine-common\/plugin.php","Line":964}

Dec 07 2020 11:14:53
{"Number":8,"Message":"Trying to access array offset on value of type null","File":"\/home\/junaid\/www\/ltc-wp\/wp-content\/mu-plugins\/wpengine-common\/plugin.php","Line":965}

Dec 07 2020 11:14:53
{"Number":8,"Message":"Undefined index: HTTPS","File":"\/home\/junaid\/www\/ltc-wp\/wp-content\/mu-plugins\/wpengine-common\/plugin.php","Line":1021}

Dec 07 2020 11:14:53
{"Number":8,"Message":"Trying to access array offset on value of type null","File":"\/home\/junaid\/www\/ltc-wp\/wp-content\/mu-plugins\/wpengine-common\/plugin.php","Line":1485}

Dec 07 2020 11:14:53
{"Number":2,"Message":"Invalid argument supplied for foreach()","File":"\/home\/junaid\/www\/ltc-wp\/wp-content\/mu-plugins\/wpengine-common\/plugin.php","Line":1047}

Dec 07 2020 11:14:53
{"Number":8,"Message":"Trying to access array offset on value of type null","File":"\/home\/junaid\/www\/ltc-wp\/wp-content\/mu-plugins\/wpengine-common\/plugin.php","Line":1411}

Dec 07 2020 11:14:53
{"type":2,"message":"Use of undefined constant PWP_NAME - assumed 'PWP_NAME' (this will throw an Error in a future version of PHP)","file":"\/home\/junaid\/www\/ltc-wp\/wp-content\/mu-plugins\/wpengine-common\/class-wpedeployment.php","line":63}

Dec 07 2020 11:15:03
{"Number":8,"Message":"Trying to access array offset on value of type null","File":"\/home\/junaid\/www\/ltc-wp\/wp-content\/mu-plugins\/wpengine-common\/plugin.php","Line":964}

Dec 07 2020 11:15:03
{"Number":8,"Message":"Trying to access array offset on value of type null","File":"\/home\/junaid\/www\/ltc-wp\/wp-content\/mu-plugins\/wpengine-common\/plugin.php","Line":965}

Dec 07 2020 11:15:03
{"Number":8,"Message":"Undefined index: HTTPS","File":"\/home\/junaid\/www\/ltc-wp\/wp-content\/mu-plugins\/wpengine-common\/plugin.php","Line":1021}

Dec 07 2020 11:15:03
{"Number":8,"Message":"Trying to access array offset on value of type null","File":"\/home\/junaid\/www\/ltc-wp\/wp-content\/mu-plugins\/wpengine-common\/plugin.php","Line":1485}

Dec 07 2020 11:15:03
{"Number":2,"Message":"Invalid argument supplied for foreach()","File":"\/home\/junaid\/www\/ltc-wp\/wp-content\/mu-plugins\/wpengine-common\/plugin.php","Line":1047}

Dec 07 2020 11:15:03
{"Number":8,"Message":"Trying to access array offset on value of type null","File":"\/home\/junaid\/www\/ltc-wp\/wp-content\/mu-plugins\/wpengine-common\/plugin.php","Line":1411}

Dec 07 2020 11:15:03
{"type":2,"message":"Use of undefined constant PWP_NAME - assumed 'PWP_NAME' (this will throw an Error in a future version of PHP)","file":"\/home\/junaid\/www\/ltc-wp\/wp-content\/mu-plugins\/wpengine-common\/class-wpedeployment.php","line":63}

Dec 07 2020 11:15:14
{"Number":8,"Message":"Trying to access array offset on value of type null","File":"\/home\/junaid\/www\/ltc-wp\/wp-content\/mu-plugins\/wpengine-common\/plugin.php","Line":964}

Dec 07 2020 11:15:14
{"Number":8,"Message":"Trying to access array offset on value of type null","File":"\/home\/junaid\/www\/ltc-wp\/wp-content\/mu-plugins\/wpengine-common\/plugin.php","Line":965}

Dec 07 2020 11:15:14
{"Number":8,"Message":"Undefined index: HTTPS","File":"\/home\/junaid\/www\/ltc-wp\/wp-content\/mu-plugins\/wpengine-common\/plugin.php","Line":1021}

Dec 07 2020 11:15:14
{"Number":8,"Message":"Trying to access array offset on value of type null","File":"\/home\/junaid\/www\/ltc-wp\/wp-content\/mu-plugins\/wpengine-common\/plugin.php","Line":1485}

Dec 07 2020 11:15:14
{"Number":2,"Message":"Invalid argument supplied for foreach()","File":"\/home\/junaid\/www\/ltc-wp\/wp-content\/mu-plugins\/wpengine-common\/plugin.php","Line":1047}

Dec 07 2020 11:15:14
{"Number":8,"Message":"Trying to access array offset on value of type null","File":"\/home\/junaid\/www\/ltc-wp\/wp-content\/mu-plugins\/wpengine-common\/plugin.php","Line":1411}

Dec 07 2020 11:15:14
{"type":2,"message":"Use of undefined constant PWP_NAME - assumed 'PWP_NAME' (this will throw an Error in a future version of PHP)","file":"\/home\/junaid\/www\/ltc-wp\/wp-content\/mu-plugins\/wpengine-common\/class-wpedeployment.php","line":63}

Dec 07 2020 11:15:24
{"Number":8,"Message":"Trying to access array offset on value of type null","File":"\/home\/junaid\/www\/ltc-wp\/wp-content\/mu-plugins\/wpengine-common\/plugin.php","Line":964}

Dec 07 2020 11:15:24
{"Number":8,"Message":"Trying to access array offset on value of type null","File":"\/home\/junaid\/www\/ltc-wp\/wp-content\/mu-plugins\/wpengine-common\/plugin.php","Line":965}

Dec 07 2020 11:15:24
{"Number":8,"Message":"Undefined index: HTTPS","File":"\/home\/junaid\/www\/ltc-wp\/wp-content\/mu-plugins\/wpengine-common\/plugin.php","Line":1021}

Dec 07 2020 11:15:24
{"Number":8,"Message":"Trying to access array offset on value of type null","File":"\/home\/junaid\/www\/ltc-wp\/wp-content\/mu-plugins\/wpengine-common\/plugin.php","Line":1485}

Dec 07 2020 11:15:24
{"Number":2,"Message":"Invalid argument supplied for foreach()","File":"\/home\/junaid\/www\/ltc-wp\/wp-content\/mu-plugins\/wpengine-common\/plugin.php","Line":1047}

Dec 07 2020 11:15:24
{"Number":8,"Message":"Trying to access array offset on value of type null","File":"\/home\/junaid\/www\/ltc-wp\/wp-content\/mu-plugins\/wpengine-common\/plugin.php","Line":1411}

Dec 07 2020 11:15:24
{"type":2,"message":"Use of undefined constant PWP_NAME - assumed 'PWP_NAME' (this will throw an Error in a future version of PHP)","file":"\/home\/junaid\/www\/ltc-wp\/wp-content\/mu-plugins\/wpengine-common\/class-wpedeployment.php","line":63}

Dec 07 2020 11:15:34
{"Number":8,"Message":"Trying to access array offset on value of type null","File":"\/home\/junaid\/www\/ltc-wp\/wp-content\/mu-plugins\/wpengine-common\/plugin.php","Line":964}

Dec 07 2020 11:15:34
{"Number":8,"Message":"Trying to access array offset on value of type null","File":"\/home\/junaid\/www\/ltc-wp\/wp-content\/mu-plugins\/wpengine-common\/plugin.php","Line":965}

Dec 07 2020 11:15:34
{"Number":8,"Message":"Undefined index: HTTPS","File":"\/home\/junaid\/www\/ltc-wp\/wp-content\/mu-plugins\/wpengine-common\/plugin.php","Line":1021}

Dec 07 2020 11:15:34
{"Number":8,"Message":"Trying to access array offset on value of type null","File":"\/home\/junaid\/www\/ltc-wp\/wp-content\/mu-plugins\/wpengine-common\/plugin.php","Line":1485}

Dec 07 2020 11:15:34
{"Number":2,"Message":"Invalid argument supplied for foreach()","File":"\/home\/junaid\/www\/ltc-wp\/wp-content\/mu-plugins\/wpengine-common\/plugin.php","Line":1047}

Dec 07 2020 11:15:34
{"Number":8,"Message":"Trying to access array offset on value of type null","File":"\/home\/junaid\/www\/ltc-wp\/wp-content\/mu-plugins\/wpengine-common\/plugin.php","Line":1411}

Dec 07 2020 11:15:34
{"type":2,"message":"Use of undefined constant PWP_NAME - assumed 'PWP_NAME' (this will throw an Error in a future version of PHP)","file":"\/home\/junaid\/www\/ltc-wp\/wp-content\/mu-plugins\/wpengine-common\/class-wpedeployment.php","line":63}

Dec 07 2020 11:15:45
{"Number":8,"Message":"Trying to access array offset on value of type null","File":"\/home\/junaid\/www\/ltc-wp\/wp-content\/mu-plugins\/wpengine-common\/plugin.php","Line":964}

Dec 07 2020 11:15:45
{"Number":8,"Message":"Trying to access array offset on value of type null","File":"\/home\/junaid\/www\/ltc-wp\/wp-content\/mu-plugins\/wpengine-common\/plugin.php","Line":965}

Dec 07 2020 11:15:45
{"Number":8,"Message":"Undefined index: HTTPS","File":"\/home\/junaid\/www\/ltc-wp\/wp-content\/mu-plugins\/wpengine-common\/plugin.php","Line":1021}

Dec 07 2020 11:15:45
{"Number":8,"Message":"Trying to access array offset on value of type null","File":"\/home\/junaid\/www\/ltc-wp\/wp-content\/mu-plugins\/wpengine-common\/plugin.php","Line":1485}

Dec 07 2020 11:15:45
{"Number":2,"Message":"Invalid argument supplied for foreach()","File":"\/home\/junaid\/www\/ltc-wp\/wp-content\/mu-plugins\/wpengine-common\/plugin.php","Line":1047}

Dec 07 2020 11:15:45
{"Number":8,"Message":"Trying to access array offset on value of type null","File":"\/home\/junaid\/www\/ltc-wp\/wp-content\/mu-plugins\/wpengine-common\/plugin.php","Line":1411}

Dec 07 2020 11:15:45
{"type":2,"message":"Use of undefined constant PWP_NAME - assumed 'PWP_NAME' (this will throw an Error in a future version of PHP)","file":"\/home\/junaid\/www\/ltc-wp\/wp-content\/mu-plugins\/wpengine-common\/class-wpedeployment.php","line":63}

Dec 07 2020 11:15:55
{"Number":8,"Message":"Trying to access array offset on value of type null","File":"\/home\/junaid\/www\/ltc-wp\/wp-content\/mu-plugins\/wpengine-common\/plugin.php","Line":964}

Dec 07 2020 11:15:55
{"Number":8,"Message":"Trying to access array offset on value of type null","File":"\/home\/junaid\/www\/ltc-wp\/wp-content\/mu-plugins\/wpengine-common\/plugin.php","Line":965}

Dec 07 2020 11:15:55
{"Number":8,"Message":"Undefined index: HTTPS","File":"\/home\/junaid\/www\/ltc-wp\/wp-content\/mu-plugins\/wpengine-common\/plugin.php","Line":1021}

Dec 07 2020 11:15:55
{"Number":8,"Message":"Trying to access array offset on value of type null","File":"\/home\/junaid\/www\/ltc-wp\/wp-content\/mu-plugins\/wpengine-common\/plugin.php","Line":1485}

Dec 07 2020 11:15:55
{"Number":2,"Message":"Invalid argument supplied for foreach()","File":"\/home\/junaid\/www\/ltc-wp\/wp-content\/mu-plugins\/wpengine-common\/plugin.php","Line":1047}

Dec 07 2020 11:15:55
{"Number":8,"Message":"Trying to access array offset on value of type null","File":"\/home\/junaid\/www\/ltc-wp\/wp-content\/mu-plugins\/wpengine-common\/plugin.php","Line":1411}

Dec 07 2020 11:15:55
{"type":2,"message":"Use of undefined constant PWP_NAME - assumed 'PWP_NAME' (this will throw an Error in a future version of PHP)","file":"\/home\/junaid\/www\/ltc-wp\/wp-content\/mu-plugins\/wpengine-common\/class-wpedeployment.php","line":63}

Dec 07 2020 11:16:05
{"Number":8,"Message":"Trying to access array offset on value of type null","File":"\/home\/junaid\/www\/ltc-wp\/wp-content\/mu-plugins\/wpengine-common\/plugin.php","Line":964}

Dec 07 2020 11:16:05
{"Number":8,"Message":"Trying to access array offset on value of type null","File":"\/home\/junaid\/www\/ltc-wp\/wp-content\/mu-plugins\/wpengine-common\/plugin.php","Line":965}

Dec 07 2020 11:16:05
{"Number":8,"Message":"Undefined index: HTTPS","File":"\/home\/junaid\/www\/ltc-wp\/wp-content\/mu-plugins\/wpengine-common\/plugin.php","Line":1021}

Dec 07 2020 11:16:05
{"Number":8,"Message":"Trying to access array offset on value of type null","File":"\/home\/junaid\/www\/ltc-wp\/wp-content\/mu-plugins\/wpengine-common\/plugin.php","Line":1485}

Dec 07 2020 11:16:05
{"Number":2,"Message":"Invalid argument supplied for foreach()","File":"\/home\/junaid\/www\/ltc-wp\/wp-content\/mu-plugins\/wpengine-common\/plugin.php","Line":1047}

Dec 07 2020 11:16:05
{"Number":8,"Message":"Trying to access array offset on value of type null","File":"\/home\/junaid\/www\/ltc-wp\/wp-content\/mu-plugins\/wpengine-common\/plugin.php","Line":1411}

Dec 07 2020 11:16:05
{"type":2,"message":"Use of undefined constant PWP_NAME - assumed 'PWP_NAME' (this will throw an Error in a future version of PHP)","file":"\/home\/junaid\/www\/ltc-wp\/wp-content\/mu-plugins\/wpengine-common\/class-wpedeployment.php","line":63}

Dec 07 2020 11:16:16
{"Number":8,"Message":"Trying to access array offset on value of type null","File":"\/home\/junaid\/www\/ltc-wp\/wp-content\/mu-plugins\/wpengine-common\/plugin.php","Line":964}

Dec 07 2020 11:16:16
{"Number":8,"Message":"Trying to access array offset on value of type null","File":"\/home\/junaid\/www\/ltc-wp\/wp-content\/mu-plugins\/wpengine-common\/plugin.php","Line":965}

Dec 07 2020 11:16:16
{"Number":8,"Message":"Undefined index: HTTPS","File":"\/home\/junaid\/www\/ltc-wp\/wp-content\/mu-plugins\/wpengine-common\/plugin.php","Line":1021}

Dec 07 2020 11:16:16
{"Number":8,"Message":"Trying to access array offset on value of type null","File":"\/home\/junaid\/www\/ltc-wp\/wp-content\/mu-plugins\/wpengine-common\/plugin.php","Line":1485}

Dec 07 2020 11:16:16
{"Number":2,"Message":"Invalid argument supplied for foreach()","File":"\/home\/junaid\/www\/ltc-wp\/wp-content\/mu-plugins\/wpengine-common\/plugin.php","Line":1047}

Dec 07 2020 11:16:16
{"Number":8,"Message":"Trying to access array offset on value of type null","File":"\/home\/junaid\/www\/ltc-wp\/wp-content\/mu-plugins\/wpengine-common\/plugin.php","Line":1411}

Dec 07 2020 11:16:16
{"type":2,"message":"Use of undefined constant PWP_NAME - assumed 'PWP_NAME' (this will throw an Error in a future version of PHP)","file":"\/home\/junaid\/www\/ltc-wp\/wp-content\/mu-plugins\/wpengine-common\/class-wpedeployment.php","line":63}

Dec 07 2020 11:16:26
{"Number":8,"Message":"Trying to access array offset on value of type null","File":"\/home\/junaid\/www\/ltc-wp\/wp-content\/mu-plugins\/wpengine-common\/plugin.php","Line":964}

Dec 07 2020 11:16:26
{"Number":8,"Message":"Trying to access array offset on value of type null","File":"\/home\/junaid\/www\/ltc-wp\/wp-content\/mu-plugins\/wpengine-common\/plugin.php","Line":965}

Dec 07 2020 11:16:26
{"Number":8,"Message":"Undefined index: HTTPS","File":"\/home\/junaid\/www\/ltc-wp\/wp-content\/mu-plugins\/wpengine-common\/plugin.php","Line":1021}

Dec 07 2020 11:16:26
{"Number":8,"Message":"Trying to access array offset on value of type null","File":"\/home\/junaid\/www\/ltc-wp\/wp-content\/mu-plugins\/wpengine-common\/plugin.php","Line":1485}

Dec 07 2020 11:16:26
{"Number":2,"Message":"Invalid argument supplied for foreach()","File":"\/home\/junaid\/www\/ltc-wp\/wp-content\/mu-plugins\/wpengine-common\/plugin.php","Line":1047}

Dec 07 2020 11:16:26
{"Number":8,"Message":"Trying to access array offset on value of type null","File":"\/home\/junaid\/www\/ltc-wp\/wp-content\/mu-plugins\/wpengine-common\/plugin.php","Line":1411}

Dec 07 2020 11:16:26
{"type":2,"message":"Use of undefined constant PWP_NAME - assumed 'PWP_NAME' (this will throw an Error in a future version of PHP)","file":"\/home\/junaid\/www\/ltc-wp\/wp-content\/mu-plugins\/wpengine-common\/class-wpedeployment.php","line":63}

Dec 07 2020 11:16:36
{"Number":8,"Message":"Trying to access array offset on value of type null","File":"\/home\/junaid\/www\/ltc-wp\/wp-content\/mu-plugins\/wpengine-common\/plugin.php","Line":964}

Dec 07 2020 11:16:36
{"Number":8,"Message":"Trying to access array offset on value of type null","File":"\/home\/junaid\/www\/ltc-wp\/wp-content\/mu-plugins\/wpengine-common\/plugin.php","Line":965}

Dec 07 2020 11:16:36
{"Number":8,"Message":"Undefined index: HTTPS","File":"\/home\/junaid\/www\/ltc-wp\/wp-content\/mu-plugins\/wpengine-common\/plugin.php","Line":1021}

Dec 07 2020 11:16:36
{"Number":8,"Message":"Trying to access array offset on value of type null","File":"\/home\/junaid\/www\/ltc-wp\/wp-content\/mu-plugins\/wpengine-common\/plugin.php","Line":1485}

Dec 07 2020 11:16:36
{"Number":2,"Message":"Invalid argument supplied for foreach()","File":"\/home\/junaid\/www\/ltc-wp\/wp-content\/mu-plugins\/wpengine-common\/plugin.php","Line":1047}

Dec 07 2020 11:16:36
{"Number":8,"Message":"Trying to access array offset on value of type null","File":"\/home\/junaid\/www\/ltc-wp\/wp-content\/mu-plugins\/wpengine-common\/plugin.php","Line":1411}

Dec 07 2020 11:16:36
{"type":2,"message":"Use of undefined constant PWP_NAME - assumed 'PWP_NAME' (this will throw an Error in a future version of PHP)","file":"\/home\/junaid\/www\/ltc-wp\/wp-content\/mu-plugins\/wpengine-common\/class-wpedeployment.php","line":63}

Dec 07 2020 11:16:46
{"Number":8,"Message":"Trying to access array offset on value of type null","File":"\/home\/junaid\/www\/ltc-wp\/wp-content\/mu-plugins\/wpengine-common\/plugin.php","Line":964}

Dec 07 2020 11:16:46
{"Number":8,"Message":"Trying to access array offset on value of type null","File":"\/home\/junaid\/www\/ltc-wp\/wp-content\/mu-plugins\/wpengine-common\/plugin.php","Line":965}

Dec 07 2020 11:16:46
{"Number":8,"Message":"Undefined index: HTTPS","File":"\/home\/junaid\/www\/ltc-wp\/wp-content\/mu-plugins\/wpengine-common\/plugin.php","Line":1021}

Dec 07 2020 11:16:46
{"Number":8,"Message":"Trying to access array offset on value of type null","File":"\/home\/junaid\/www\/ltc-wp\/wp-content\/mu-plugins\/wpengine-common\/plugin.php","Line":1485}

Dec 07 2020 11:16:46
{"Number":2,"Message":"Invalid argument supplied for foreach()","File":"\/home\/junaid\/www\/ltc-wp\/wp-content\/mu-plugins\/wpengine-common\/plugin.php","Line":1047}

Dec 07 2020 11:16:46
{"Number":8,"Message":"Trying to access array offset on value of type null","File":"\/home\/junaid\/www\/ltc-wp\/wp-content\/mu-plugins\/wpengine-common\/plugin.php","Line":1411}

Dec 07 2020 11:16:46
{"type":2,"message":"Use of undefined constant PWP_NAME - assumed 'PWP_NAME' (this will throw an Error in a future version of PHP)","file":"\/home\/junaid\/www\/ltc-wp\/wp-content\/mu-plugins\/wpengine-common\/class-wpedeployment.php","line":63}

Dec 07 2020 11:16:57
{"Number":8,"Message":"Trying to access array offset on value of type null","File":"\/home\/junaid\/www\/ltc-wp\/wp-content\/mu-plugins\/wpengine-common\/plugin.php","Line":964}

Dec 07 2020 11:16:57
{"Number":8,"Message":"Trying to access array offset on value of type null","File":"\/home\/junaid\/www\/ltc-wp\/wp-content\/mu-plugins\/wpengine-common\/plugin.php","Line":965}

Dec 07 2020 11:16:57
{"Number":8,"Message":"Undefined index: HTTPS","File":"\/home\/junaid\/www\/ltc-wp\/wp-content\/mu-plugins\/wpengine-common\/plugin.php","Line":1021}

Dec 07 2020 11:16:57
{"Number":8,"Message":"Trying to access array offset on value of type null","File":"\/home\/junaid\/www\/ltc-wp\/wp-content\/mu-plugins\/wpengine-common\/plugin.php","Line":1485}

Dec 07 2020 11:16:57
{"Number":2,"Message":"Invalid argument supplied for foreach()","File":"\/home\/junaid\/www\/ltc-wp\/wp-content\/mu-plugins\/wpengine-common\/plugin.php","Line":1047}

Dec 07 2020 11:16:57
{"Number":8,"Message":"Trying to access array offset on value of type null","File":"\/home\/junaid\/www\/ltc-wp\/wp-content\/mu-plugins\/wpengine-common\/plugin.php","Line":1411}

Dec 07 2020 11:16:57
{"type":2,"message":"Use of undefined constant PWP_NAME - assumed 'PWP_NAME' (this will throw an Error in a future version of PHP)","file":"\/home\/junaid\/www\/ltc-wp\/wp-content\/mu-plugins\/wpengine-common\/class-wpedeployment.php","line":63}

Dec 07 2020 11:17:09
{"Number":8,"Message":"Trying to access array offset on value of type null","File":"\/home\/junaid\/www\/ltc-wp\/wp-content\/mu-plugins\/wpengine-common\/plugin.php","Line":964}

Dec 07 2020 11:17:09
{"Number":8,"Message":"Trying to access array offset on value of type null","File":"\/home\/junaid\/www\/ltc-wp\/wp-content\/mu-plugins\/wpengine-common\/plugin.php","Line":965}

Dec 07 2020 11:17:09
{"Number":8,"Message":"Undefined index: HTTPS","File":"\/home\/junaid\/www\/ltc-wp\/wp-content\/mu-plugins\/wpengine-common\/plugin.php","Line":1021}

Dec 07 2020 11:17:09
{"Number":8,"Message":"Trying to access array offset on value of type null","File":"\/home\/junaid\/www\/ltc-wp\/wp-content\/mu-plugins\/wpengine-common\/plugin.php","Line":1485}

Dec 07 2020 11:17:09
{"Number":2,"Message":"Invalid argument supplied for foreach()","File":"\/home\/junaid\/www\/ltc-wp\/wp-content\/mu-plugins\/wpengine-common\/plugin.php","Line":1047}

Dec 07 2020 11:17:09
{"Number":8,"Message":"Trying to access array offset on value of type null","File":"\/home\/junaid\/www\/ltc-wp\/wp-content\/mu-plugins\/wpengine-common\/plugin.php","Line":1411}

Dec 07 2020 11:17:09
{"type":2,"message":"Use of undefined constant PWP_NAME - assumed 'PWP_NAME' (this will throw an Error in a future version of PHP)","file":"\/home\/junaid\/www\/ltc-wp\/wp-content\/mu-plugins\/wpengine-common\/class-wpedeployment.php","line":63}

Dec 07 2020 11:17:20
{"Number":8,"Message":"Trying to access array offset on value of type null","File":"\/home\/junaid\/www\/ltc-wp\/wp-content\/mu-plugins\/wpengine-common\/plugin.php","Line":964}

Dec 07 2020 11:17:20
{"Number":8,"Message":"Trying to access array offset on value of type null","File":"\/home\/junaid\/www\/ltc-wp\/wp-content\/mu-plugins\/wpengine-common\/plugin.php","Line":965}

Dec 07 2020 11:17:20
{"Number":8,"Message":"Undefined index: HTTPS","File":"\/home\/junaid\/www\/ltc-wp\/wp-content\/mu-plugins\/wpengine-common\/plugin.php","Line":1021}

Dec 07 2020 11:17:20
{"Number":8,"Message":"Trying to access array offset on value of type null","File":"\/home\/junaid\/www\/ltc-wp\/wp-content\/mu-plugins\/wpengine-common\/plugin.php","Line":1485}

Dec 07 2020 11:17:20
{"Number":2,"Message":"Invalid argument supplied for foreach()","File":"\/home\/junaid\/www\/ltc-wp\/wp-content\/mu-plugins\/wpengine-common\/plugin.php","Line":1047}

Dec 07 2020 11:17:20
{"Number":8,"Message":"Trying to access array offset on value of type null","File":"\/home\/junaid\/www\/ltc-wp\/wp-content\/mu-plugins\/wpengine-common\/plugin.php","Line":1411}

Dec 07 2020 11:17:20
{"type":2,"message":"Use of undefined constant PWP_NAME - assumed 'PWP_NAME' (this will throw an Error in a future version of PHP)","file":"\/home\/junaid\/www\/ltc-wp\/wp-content\/mu-plugins\/wpengine-common\/class-wpedeployment.php","line":63}

Dec 07 2020 11:17:30
{"Number":8,"Message":"Trying to access array offset on value of type null","File":"\/home\/junaid\/www\/ltc-wp\/wp-content\/mu-plugins\/wpengine-common\/plugin.php","Line":964}

Dec 07 2020 11:17:30
{"Number":8,"Message":"Trying to access array offset on value of type null","File":"\/home\/junaid\/www\/ltc-wp\/wp-content\/mu-plugins\/wpengine-common\/plugin.php","Line":965}

Dec 07 2020 11:17:30
{"Number":8,"Message":"Undefined index: HTTPS","File":"\/home\/junaid\/www\/ltc-wp\/wp-content\/mu-plugins\/wpengine-common\/plugin.php","Line":1021}

Dec 07 2020 11:17:30
{"Number":8,"Message":"Trying to access array offset on value of type null","File":"\/home\/junaid\/www\/ltc-wp\/wp-content\/mu-plugins\/wpengine-common\/plugin.php","Line":1485}

Dec 07 2020 11:17:30
{"Number":2,"Message":"Invalid argument supplied for foreach()","File":"\/home\/junaid\/www\/ltc-wp\/wp-content\/mu-plugins\/wpengine-common\/plugin.php","Line":1047}

Dec 07 2020 11:17:30
{"Number":8,"Message":"Trying to access array offset on value of type null","File":"\/home\/junaid\/www\/ltc-wp\/wp-content\/mu-plugins\/wpengine-common\/plugin.php","Line":1411}

Dec 07 2020 11:17:30
{"type":2,"message":"Use of undefined constant PWP_NAME - assumed 'PWP_NAME' (this will throw an Error in a future version of PHP)","file":"\/home\/junaid\/www\/ltc-wp\/wp-content\/mu-plugins\/wpengine-common\/class-wpedeployment.php","line":63}

Dec 07 2020 11:17:40
{"Number":8,"Message":"Trying to access array offset on value of type null","File":"\/home\/junaid\/www\/ltc-wp\/wp-content\/mu-plugins\/wpengine-common\/plugin.php","Line":964}

Dec 07 2020 11:17:40
{"Number":8,"Message":"Trying to access array offset on value of type null","File":"\/home\/junaid\/www\/ltc-wp\/wp-content\/mu-plugins\/wpengine-common\/plugin.php","Line":965}

Dec 07 2020 11:17:40
{"Number":8,"Message":"Undefined index: HTTPS","File":"\/home\/junaid\/www\/ltc-wp\/wp-content\/mu-plugins\/wpengine-common\/plugin.php","Line":1021}

Dec 07 2020 11:17:40
{"Number":8,"Message":"Trying to access array offset on value of type null","File":"\/home\/junaid\/www\/ltc-wp\/wp-content\/mu-plugins\/wpengine-common\/plugin.php","Line":1485}

Dec 07 2020 11:17:40
{"Number":2,"Message":"Invalid argument supplied for foreach()","File":"\/home\/junaid\/www\/ltc-wp\/wp-content\/mu-plugins\/wpengine-common\/plugin.php","Line":1047}

Dec 07 2020 11:17:40
{"Number":8,"Message":"Trying to access array offset on value of type null","File":"\/home\/junaid\/www\/ltc-wp\/wp-content\/mu-plugins\/wpengine-common\/plugin.php","Line":1411}

Dec 07 2020 11:17:40
{"type":2,"message":"Use of undefined constant PWP_NAME - assumed 'PWP_NAME' (this will throw an Error in a future version of PHP)","file":"\/home\/junaid\/www\/ltc-wp\/wp-content\/mu-plugins\/wpengine-common\/class-wpedeployment.php","line":63}

Dec 07 2020 11:17:51
{"Number":8,"Message":"Trying to access array offset on value of type null","File":"\/home\/junaid\/www\/ltc-wp\/wp-content\/mu-plugins\/wpengine-common\/plugin.php","Line":964}

Dec 07 2020 11:17:51
{"Number":8,"Message":"Trying to access array offset on value of type null","File":"\/home\/junaid\/www\/ltc-wp\/wp-content\/mu-plugins\/wpengine-common\/plugin.php","Line":965}

Dec 07 2020 11:17:51
{"Number":8,"Message":"Undefined index: HTTPS","File":"\/home\/junaid\/www\/ltc-wp\/wp-content\/mu-plugins\/wpengine-common\/plugin.php","Line":1021}

Dec 07 2020 11:17:51
{"Number":8,"Message":"Trying to access array offset on value of type null","File":"\/home\/junaid\/www\/ltc-wp\/wp-content\/mu-plugins\/wpengine-common\/plugin.php","Line":1485}

Dec 07 2020 11:17:51
{"Number":2,"Message":"Invalid argument supplied for foreach()","File":"\/home\/junaid\/www\/ltc-wp\/wp-content\/mu-plugins\/wpengine-common\/plugin.php","Line":1047}

Dec 07 2020 11:17:51
{"Number":8,"Message":"Trying to access array offset on value of type null","File":"\/home\/junaid\/www\/ltc-wp\/wp-content\/mu-plugins\/wpengine-common\/plugin.php","Line":1411}

Dec 07 2020 11:17:51
{"type":2,"message":"Use of undefined constant PWP_NAME - assumed 'PWP_NAME' (this will throw an Error in a future version of PHP)","file":"\/home\/junaid\/www\/ltc-wp\/wp-content\/mu-plugins\/wpengine-common\/class-wpedeployment.php","line":63}

Dec 07 2020 11:18:01
{"Number":8,"Message":"Trying to access array offset on value of type null","File":"\/home\/junaid\/www\/ltc-wp\/wp-content\/mu-plugins\/wpengine-common\/plugin.php","Line":964}

Dec 07 2020 11:18:01
{"Number":8,"Message":"Trying to access array offset on value of type null","File":"\/home\/junaid\/www\/ltc-wp\/wp-content\/mu-plugins\/wpengine-common\/plugin.php","Line":965}

Dec 07 2020 11:18:01
{"Number":8,"Message":"Undefined index: HTTPS","File":"\/home\/junaid\/www\/ltc-wp\/wp-content\/mu-plugins\/wpengine-common\/plugin.php","Line":1021}

Dec 07 2020 11:18:01
{"Number":8,"Message":"Trying to access array offset on value of type null","File":"\/home\/junaid\/www\/ltc-wp\/wp-content\/mu-plugins\/wpengine-common\/plugin.php","Line":1485}

Dec 07 2020 11:18:01
{"Number":2,"Message":"Invalid argument supplied for foreach()","File":"\/home\/junaid\/www\/ltc-wp\/wp-content\/mu-plugins\/wpengine-common\/plugin.php","Line":1047}

Dec 07 2020 11:18:01
{"Number":8,"Message":"Trying to access array offset on value of type null","File":"\/home\/junaid\/www\/ltc-wp\/wp-content\/mu-plugins\/wpengine-common\/plugin.php","Line":1411}

Dec 07 2020 11:18:01
{"type":2,"message":"Use of undefined constant PWP_NAME - assumed 'PWP_NAME' (this will throw an Error in a future version of PHP)","file":"\/home\/junaid\/www\/ltc-wp\/wp-content\/mu-plugins\/wpengine-common\/class-wpedeployment.php","line":63}

Dec 07 2020 11:18:11
{"Number":8,"Message":"Trying to access array offset on value of type null","File":"\/home\/junaid\/www\/ltc-wp\/wp-content\/mu-plugins\/wpengine-common\/plugin.php","Line":964}

Dec 07 2020 11:18:11
{"Number":8,"Message":"Trying to access array offset on value of type null","File":"\/home\/junaid\/www\/ltc-wp\/wp-content\/mu-plugins\/wpengine-common\/plugin.php","Line":965}

Dec 07 2020 11:18:11
{"Number":8,"Message":"Undefined index: HTTPS","File":"\/home\/junaid\/www\/ltc-wp\/wp-content\/mu-plugins\/wpengine-common\/plugin.php","Line":1021}

Dec 07 2020 11:18:11
{"Number":8,"Message":"Trying to access array offset on value of type null","File":"\/home\/junaid\/www\/ltc-wp\/wp-content\/mu-plugins\/wpengine-common\/plugin.php","Line":1485}

Dec 07 2020 11:18:11
{"Number":2,"Message":"Invalid argument supplied for foreach()","File":"\/home\/junaid\/www\/ltc-wp\/wp-content\/mu-plugins\/wpengine-common\/plugin.php","Line":1047}

Dec 07 2020 11:18:11
{"Number":8,"Message":"Trying to access array offset on value of type null","File":"\/home\/junaid\/www\/ltc-wp\/wp-content\/mu-plugins\/wpengine-common\/plugin.php","Line":1411}

Dec 07 2020 11:18:11
{"type":2,"message":"Use of undefined constant PWP_NAME - assumed 'PWP_NAME' (this will throw an Error in a future version of PHP)","file":"\/home\/junaid\/www\/ltc-wp\/wp-content\/mu-plugins\/wpengine-common\/class-wpedeployment.php","line":63}

Dec 07 2020 11:18:23
{"Number":8,"Message":"Trying to access array offset on value of type null","File":"\/home\/junaid\/www\/ltc-wp\/wp-content\/mu-plugins\/wpengine-common\/plugin.php","Line":964}

Dec 07 2020 11:18:23
{"Number":8,"Message":"Trying to access array offset on value of type null","File":"\/home\/junaid\/www\/ltc-wp\/wp-content\/mu-plugins\/wpengine-common\/plugin.php","Line":965}

Dec 07 2020 11:18:23
{"Number":8,"Message":"Undefined index: HTTPS","File":"\/home\/junaid\/www\/ltc-wp\/wp-content\/mu-plugins\/wpengine-common\/plugin.php","Line":1021}

Dec 07 2020 11:18:23
{"Number":8,"Message":"Trying to access array offset on value of type null","File":"\/home\/junaid\/www\/ltc-wp\/wp-content\/mu-plugins\/wpengine-common\/plugin.php","Line":1485}

Dec 07 2020 11:18:23
{"Number":2,"Message":"Invalid argument supplied for foreach()","File":"\/home\/junaid\/www\/ltc-wp\/wp-content\/mu-plugins\/wpengine-common\/plugin.php","Line":1047}

Dec 07 2020 11:18:23
{"Number":8,"Message":"Trying to access array offset on value of type null","File":"\/home\/junaid\/www\/ltc-wp\/wp-content\/mu-plugins\/wpengine-common\/plugin.php","Line":1411}

Dec 07 2020 11:18:23
{"type":2,"message":"Use of undefined constant PWP_NAME - assumed 'PWP_NAME' (this will throw an Error in a future version of PHP)","file":"\/home\/junaid\/www\/ltc-wp\/wp-content\/mu-plugins\/wpengine-common\/class-wpedeployment.php","line":63}

Dec 07 2020 11:18:34
{"Number":8,"Message":"Trying to access array offset on value of type null","File":"\/home\/junaid\/www\/ltc-wp\/wp-content\/mu-plugins\/wpengine-common\/plugin.php","Line":964}

Dec 07 2020 11:18:34
{"Number":8,"Message":"Trying to access array offset on value of type null","File":"\/home\/junaid\/www\/ltc-wp\/wp-content\/mu-plugins\/wpengine-common\/plugin.php","Line":965}

Dec 07 2020 11:18:34
{"Number":8,"Message":"Undefined index: HTTPS","File":"\/home\/junaid\/www\/ltc-wp\/wp-content\/mu-plugins\/wpengine-common\/plugin.php","Line":1021}

Dec 07 2020 11:18:34
{"Number":8,"Message":"Trying to access array offset on value of type null","File":"\/home\/junaid\/www\/ltc-wp\/wp-content\/mu-plugins\/wpengine-common\/plugin.php","Line":1485}

Dec 07 2020 11:18:34
{"Number":2,"Message":"Invalid argument supplied for foreach()","File":"\/home\/junaid\/www\/ltc-wp\/wp-content\/mu-plugins\/wpengine-common\/plugin.php","Line":1047}

Dec 07 2020 11:18:34
{"Number":8,"Message":"Trying to access array offset on value of type null","File":"\/home\/junaid\/www\/ltc-wp\/wp-content\/mu-plugins\/wpengine-common\/plugin.php","Line":1411}

Dec 07 2020 11:18:34
{"type":2,"message":"Use of undefined constant PWP_NAME - assumed 'PWP_NAME' (this will throw an Error in a future version of PHP)","file":"\/home\/junaid\/www\/ltc-wp\/wp-content\/mu-plugins\/wpengine-common\/class-wpedeployment.php","line":63}

Dec 07 2020 11:18:37
{"Number":8,"Message":"Trying to access array offset on value of type null","File":"\/home\/junaid\/www\/ltc-wp\/wp-content\/mu-plugins\/wpengine-common\/plugin.php","Line":964}

Dec 07 2020 11:18:37
{"Number":8,"Message":"Trying to access array offset on value of type null","File":"\/home\/junaid\/www\/ltc-wp\/wp-content\/mu-plugins\/wpengine-common\/plugin.php","Line":965}

Dec 07 2020 11:18:37
{"Number":8,"Message":"Undefined index: HTTPS","File":"\/home\/junaid\/www\/ltc-wp\/wp-content\/mu-plugins\/wpengine-common\/plugin.php","Line":1021}

Dec 07 2020 11:18:37
{"Number":8,"Message":"Trying to access array offset on value of type null","File":"\/home\/junaid\/www\/ltc-wp\/wp-content\/mu-plugins\/wpengine-common\/plugin.php","Line":1485}

Dec 07 2020 11:18:37
{"Number":2,"Message":"Invalid argument supplied for foreach()","File":"\/home\/junaid\/www\/ltc-wp\/wp-content\/mu-plugins\/wpengine-common\/plugin.php","Line":1047}

Dec 07 2020 11:18:37
{"Number":8,"Message":"Trying to access array offset on value of type null","File":"\/home\/junaid\/www\/ltc-wp\/wp-content\/mu-plugins\/wpengine-common\/plugin.php","Line":1411}

Dec 07 2020 11:18:37
{"type":2,"message":"Use of undefined constant PWP_NAME - assumed 'PWP_NAME' (this will throw an Error in a future version of PHP)","file":"\/home\/junaid\/www\/ltc-wp\/wp-content\/mu-plugins\/wpengine-common\/class-wpedeployment.php","line":63}

Dec 07 2020 11:18:38
{"Number":8,"Message":"Trying to access array offset on value of type null","File":"\/home\/junaid\/www\/ltc-wp\/wp-content\/mu-plugins\/wpengine-common\/plugin.php","Line":964}

Dec 07 2020 11:18:38
{"Number":8,"Message":"Trying to access array offset on value of type null","File":"\/home\/junaid\/www\/ltc-wp\/wp-content\/mu-plugins\/wpengine-common\/plugin.php","Line":965}

Dec 07 2020 11:18:38
{"Number":8,"Message":"Undefined index: HTTPS","File":"\/home\/junaid\/www\/ltc-wp\/wp-content\/mu-plugins\/wpengine-common\/plugin.php","Line":1021}

Dec 07 2020 11:18:38
{"Number":8,"Message":"Trying to access array offset on value of type null","File":"\/home\/junaid\/www\/ltc-wp\/wp-content\/mu-plugins\/wpengine-common\/plugin.php","Line":1485}

Dec 07 2020 11:18:38
{"Number":2,"Message":"Invalid argument supplied for foreach()","File":"\/home\/junaid\/www\/ltc-wp\/wp-content\/mu-plugins\/wpengine-common\/plugin.php","Line":1047}

Dec 07 2020 11:18:38
{"Number":8,"Message":"Trying to access array offset on value of type null","File":"\/home\/junaid\/www\/ltc-wp\/wp-content\/mu-plugins\/wpengine-common\/plugin.php","Line":1411}

Dec 07 2020 11:18:38
{"type":2,"message":"Use of undefined constant PWP_NAME - assumed 'PWP_NAME' (this will throw an Error in a future version of PHP)","file":"\/home\/junaid\/www\/ltc-wp\/wp-content\/mu-plugins\/wpengine-common\/class-wpedeployment.php","line":63}

Dec 07 2020 11:19:24
{"Number":8,"Message":"Trying to access array offset on value of type null","File":"\/home\/junaid\/www\/ltc-wp\/wp-content\/mu-plugins\/wpengine-common\/plugin.php","Line":964}

Dec 07 2020 11:19:24
{"Number":8,"Message":"Trying to access array offset on value of type null","File":"\/home\/junaid\/www\/ltc-wp\/wp-content\/mu-plugins\/wpengine-common\/plugin.php","Line":965}

Dec 07 2020 11:19:24
{"type":8192,"message":"array_key_exists(): Using array_key_exists() on objects is deprecated. Use isset() or property_exists() instead","file":"\/home\/junaid\/www\/ltc-wp\/wp-content\/plugins\/fusion-builder\/inc\/helpers.php","line":241}

